File name	Line	Function	Duration[ms]	Explored nodes
C:\Users\robin\source\repos\WindowsTimeTracker\TimeTracker\obj\x64\Debug\ActivityDialog.g.cs	97	_TimeTracker.ActivityDialog.InitializeComponent$$	0	5
C:\Users\robin\source\repos\WindowsTimeTracker\TimeTracker\ActivityDialog.xaml.cs	143	_TimeTracker.ActivityDialog.Window_Activated$object.System.EventArgs$	0	3
C:\Users\robin\source\repos\WindowsTimeTracker\TimeTracker\ActivityDialog.xaml.cs	152	_TimeTracker.ActivityDialog.Window_Deactivated$object.System.EventArgs$	0	3
C:\Users\robin\source\repos\WindowsTimeTracker\TimeTracker\ActivityDialog.xaml.cs	157	_TimeTracker.ActivityDialog.Button_Click$object.System.Windows.RoutedEventArgs$	0	3
C:\Users\robin\source\repos\WindowsTimeTracker\TimeTracker\ActivityDialog.xaml.cs	162	_TimeTracker.ActivityDialog.CloseButton_Click$object.System.Windows.RoutedEventArgs$	0	3
C:\Users\robin\source\repos\WindowsTimeTracker\TimeTracker\ActivityDialog.xaml.cs	167	_TimeTracker.ActivityDialog.ConfirmButton_Click$object.System.Windows.RoutedEventArgs$	0	3
C:\Users\robin\source\repos\WindowsTimeTracker\TimeTracker\obj\x64\Debug\App.g.cs	46	_TimeTracker.App.InitializeComponent$$	0	3
C:\Users\robin\source\repos\WindowsTimeTracker\TimeTracker\obj\x64\Debug\App.g.cs	60	_TimeTracker.App.Main$$	0	3
C:\Users\robin\source\repos\WindowsTimeTracker\TimeTracker\App.xaml.cs	93	_TimeTracker.App.OnExit$System.Windows.ExitEventArgs$	0	7
C:\Users\robin\source\repos\WindowsTimeTracker\TimeTracker\App.xaml.cs	103	_TimeTracker.App.ShowTutorialIfNeeded$$	0	5
C:\Users\robin\source\repos\WindowsTimeTracker\TimeTracker\App.xaml.cs	156	_TimeTracker.App.DoNotDisturb$$	0	6
C:\Users\robin\source\repos\WindowsTimeTracker\TimeTracker\App.xaml.cs	190	_TimeTracker.App.ExitApplication$$	0	3
C:\Users\robin\source\repos\WindowsTimeTracker\TimeTracker\App.xaml.cs	207	_TimeTracker.App.Application_Exit$object.System.Windows.ExitEventArgs$	0	5
C:\Users\robin\source\repos\WindowsTimeTracker\TimeTracker\App.xaml.cs	222	_TimeTracker.App.CloseAllToasts$$	23	851
C:\Users\robin\source\repos\WindowsTimeTracker\TimeTracker\App.xaml.cs	262	_TimeTracker.App.CreateAwayFromPCDialog$object.TimeTracker.CustomEventArgs$	0	3
C:\Users\robin\source\repos\WindowsTimeTracker\TimeTracker\Logic\AppStateTracker.cs	214	_TimeTracker.AppStateTracker.CreateCurrentWindow$string.string$	0	2
C:\Users\robin\source\repos\WindowsTimeTracker\TimeTracker\Logic\ASDL.cs	47	_TimeTracker.ASDL.ReattachHotkeyListener$TimeTracker.HotkeyListener$	0	3
C:\Users\robin\source\repos\WindowsTimeTracker\TimeTracker\Logic\ASDL.cs	151	_TimeTracker.ASDL.ChangeActivity$bool$	0	3
C:\Users\robin\source\repos\WindowsTimeTracker\TimeTracker\obj\x64\Debug\AwayFromPCDialog.g.cs	72	_TimeTracker.AwayFromPCDialog.InitializeComponent$$	0	5
C:\Users\robin\source\repos\WindowsTimeTracker\TimeTracker\AwayFromPCDialog.xaml.cs	92	_TimeTracker.AwayFromPCDialog.SetNewActivity$string$	0	3
C:\Users\robin\source\repos\WindowsTimeTracker\TimeTracker\AwayFromPCDialog.xaml.cs	101	_TimeTracker.AwayFromPCDialog.ConfirmButton_Click$object.System.Windows.RoutedEventArgs$	0	3
C:\Users\robin\source\repos\WindowsTimeTracker\TimeTracker\AwayFromPCDialog.xaml.cs	106	_TimeTracker.AwayFromPCDialog.ComboBox_OnKeyUp$object.System.Windows.Input.KeyEventArgs$	0	5
C:\Users\robin\source\repos\WindowsTimeTracker\TimeTracker\AwayFromPCDialog.xaml.cs	114	_TimeTracker.AwayFromPCDialog.Button_Click$object.System.Windows.RoutedEventArgs$	0	3
C:\Users\robin\source\repos\WindowsTimeTracker\TimeTracker\obj\x64\Debug\Blacklist.g.cs	48	_TimeTracker.Blacklist.InitializeComponent$$	0	5
C:\Users\robin\source\repos\WindowsTimeTracker\TimeTracker\obj\x64\Debug\Blacklist.g.cs	64	_TimeTracker.Blacklist.System.Windows.Markup.IComponentConnector.Connect$int.object$	0	3
C:\Users\robin\source\repos\WindowsTimeTracker\TimeTracker\Logic\Listeners\HotkeyListener.cs	66	_TimeTracker.HotkeyListener.Dispose$$	0	3
C:\Users\robin\source\repos\WindowsTimeTracker\TimeTracker\obj\x64\Debug\HTMLDataWindow.g.cs	57	_TimeTracker.HTMLDataWindow.InitializeComponent$$	0	5
C:\Users\robin\source\repos\WindowsTimeTracker\TimeTracker\HTMLDataWindow.xaml.cs	22	_TimeTracker.HTMLDataWindow.InitializeChromium$TimeTracker.StorageHandler.TimeTracker.AppStateTracker$	0	7
C:\Users\robin\source\repos\WindowsTimeTracker\TimeTracker\obj\x64\Debug\MainWindow.g.cs	48	_TimeTracker.MainWindow.InitializeComponent$$	0	5
C:\Users\robin\source\repos\WindowsTimeTracker\TimeTracker\obj\x64\Debug\MainWindow.g.cs	64	_TimeTracker.MainWindow.System.Windows.Markup.IComponentConnector.Connect$int.object$	0	3
C:\Users\robin\source\repos\WindowsTimeTracker\TimeTracker\obj\x64\Debug\ManualEdit.g.cs	72	_TimeTracker.ManualEdit.InitializeComponent$$	0	5
C:\Users\robin\source\repos\WindowsTimeTracker\TimeTracker\ManualEdit.xaml.cs	41	_TimeTracker.ManualEdit.LoadData$$	0	3
C:\Users\robin\source\repos\WindowsTimeTracker\TimeTracker\ManualEdit.xaml.cs	49	_TimeTracker.ManualEdit.Close_Click$object.System.Windows.RoutedEventArgs$	0	3
C:\Users\robin\source\repos\WindowsTimeTracker\TimeTracker\ManualEdit.xaml.cs	54	_TimeTracker.ManualEdit.Save_Click$object.System.Windows.RoutedEventArgs$	0	3
C:\Users\robin\source\repos\WindowsTimeTracker\TimeTracker\Helper\GUI\MyScriptingClass.cs	81	_TimeTracker.Helper.MyScriptingClass.GetDayData$string.int$	0	5
C:\Users\robin\source\repos\WindowsTimeTracker\TimeTracker\Helper\GUI\MyScriptingClass.cs	171	_TimeTracker.Helper.MyScriptingClass.GetWeekBreakdownData$string.int.int$	0	5
C:\Users\robin\source\repos\WindowsTimeTracker\TimeTracker\Helper\GUI\MyScriptingClass.cs	252	_TimeTracker.Helper.MyScriptingClass.GetWeekSumData$string.int.int$	0	5
C:\Users\robin\source\repos\WindowsTimeTracker\TimeTracker\Helper\GUI\MyScriptingClass.cs	285	_TimeTracker.Helper.MyScriptingClass.SetPlayNotificationSound$bool$	0	2
C:\Users\robin\source\repos\WindowsTimeTracker\TimeTracker\Helper\GUI\MyScriptingClass.cs	293	_TimeTracker.Helper.MyScriptingClass.SetHotkeyDisabled$bool$	0	2
C:\Users\robin\source\repos\WindowsTimeTracker\TimeTracker\Helper\GUI\MyScriptingClass.cs	301	_TimeTracker.Helper.MyScriptingClass.SetOfflineTracking$bool$	0	2
C:\Users\robin\source\repos\WindowsTimeTracker\TimeTracker\Helper\GUI\MyScriptingClass.cs	309	_TimeTracker.Helper.MyScriptingClass.SetTimeNotificationVisible$string$	0	2
C:\Users\robin\source\repos\WindowsTimeTracker\TimeTracker\Helper\GUI\MyScriptingClass.cs	317	_TimeTracker.Helper.MyScriptingClass.SetTimeBeforeAskingAgain$string$	0	2
C:\Users\robin\source\repos\WindowsTimeTracker\TimeTracker\Helper\GUI\MyScriptingClass.cs	325	_TimeTracker.Helper.MyScriptingClass.SetTimeSinceAppLastUsed$string$	0	2
C:\Users\robin\source\repos\WindowsTimeTracker\TimeTracker\Helper\GUI\MyScriptingClass.cs	341	_TimeTracker.Helper.MyScriptingClass.GetTrackingSettings$$	0	2
C:\Users\robin\source\repos\WindowsTimeTracker\TimeTracker\Helper\GUI\MyScriptingClass.cs	372	_TimeTracker.Helper.MyScriptingClass.OpenUrl$string$	0	3
C:\Users\robin\source\repos\WindowsTimeTracker\TimeTracker\Helper\GUI\MyScriptingClass.cs	500	_TimeTracker.Helper.MyScriptingClass.GetReportData1$System.Collections.Generic.List$object$.string.string.int.int$	0	5
C:\Users\robin\source\repos\WindowsTimeTracker\TimeTracker\Helper\GUI\MyScriptingClass.cs	579	_TimeTracker.Helper.MyScriptingClass.GetReportData2$System.Collections.Generic.List$object$.string.string.int$	0	5
C:\Users\robin\source\repos\WindowsTimeTracker\TimeTracker\Helper\GUI\MyScriptingClass.cs	693	_TimeTracker.Helper.MyScriptingClass.GetReportData3$System.Collections.Generic.List$object$.string.string.int$	0	5
C:\Users\robin\source\repos\WindowsTimeTracker\TimeTracker\obj\x64\Debug\NewVersion.g.cs	48	_TimeTracker.NewVersion.InitializeComponent$$	0	5
C:\Users\robin\source\repos\WindowsTimeTracker\TimeTracker\NewVersion.xaml.cs	33	_TimeTracker.NewVersion.Hyperlink_RequestNavigate$object.System.Windows.Navigation.RequestNavigateEventArgs$	0	3
C:\Users\robin\source\repos\WindowsTimeTracker\TimeTracker\Logic\Listeners\ProgramSwitchListener.cs	63	_TimeTracker.ProgramSwitchListener.GetActiveWindowTitle$System.IntPtr$	0	9
C:\Users\robin\source\repos\WindowsTimeTracker\TimeTracker\obj\x64\Debug\Tutorial.g.cs	80	_TimeTracker.Tutorial.InitializeComponent$$	0	5
C:\Users\robin\source\repos\WindowsTimeTracker\TimeTracker\Tutorial.xaml.cs	30	_TimeTracker.Tutorial.DrawImage$$	0	3
C:\Users\robin\source\repos\WindowsTimeTracker\TimeTracker\Tutorial.xaml.cs	38	_TimeTracker.Tutorial.Button_Click$object.System.Windows.RoutedEventArgs$	0	7
C:\Users\robin\source\repos\WindowsTimeTracker\TimeTracker\Tutorial.xaml.cs	49	_TimeTracker.Tutorial.Button_Click_1$object.System.Windows.RoutedEventArgs$	0	9
